[2.577s] Invoking command in '/home/proje/ros2_ws/src/serial_motor_demo': PYTHONPATH=/home/proje/ros2_ws/build/serial_motor_demo/prefix_override:/usr/lib/python3/dist-packages/colcon_core/task/python/colcon_distutils_commands:/home/proje/ros2_ws/install/serial_motor_demo/lib/python3.10/site-packages:${PYTHONPATH} /usr/bin/python3 -W ignore:setup.py install is deprecated -W ignore:easy_install command is deprecated setup.py egg_info --egg-base ../../build/serial_motor_demo build --build-base /home/proje/ros2_ws/build/serial_motor_demo/build install --record /home/proje/ros2_ws/build/serial_motor_demo/install.log --single-version-externally-managed install_data
[3.545s] running egg_info
[3.547s] writing ../../build/serial_motor_demo/serial_motor_demo.egg-info/PKG-INFO
[3.548s] writing dependency_links to ../../build/serial_motor_demo/serial_motor_demo.egg-info/dependency_links.txt
[3.550s] writing entry points to ../../build/serial_motor_demo/serial_motor_demo.egg-info/entry_points.txt
[3.550s] writing requirements to ../../build/serial_motor_demo/serial_motor_demo.egg-info/requires.txt
[3.551s] writing top-level names to ../../build/serial_motor_demo/serial_motor_demo.egg-info/top_level.txt
[3.559s] reading manifest file '../../build/serial_motor_demo/serial_motor_demo.egg-info/SOURCES.txt'
[3.563s] writing manifest file '../../build/serial_motor_demo/serial_motor_demo.egg-info/SOURCES.txt'
[3.564s] running build
[3.564s] running build_py
[3.565s] copying serial_motor_demo/driver_node.py -> /home/proje/ros2_ws/build/serial_motor_demo/build/lib/serial_motor_demo
[3.567s] running install
[3.569s] running install_lib
[3.572s] copying /home/proje/ros2_ws/build/serial_motor_demo/build/lib/serial_motor_demo/driver_node.py -> /home/proje/ros2_ws/install/serial_motor_demo/lib/python3.10/site-packages/serial_motor_demo
[3.576s] byte-compiling /home/proje/ros2_ws/install/serial_motor_demo/lib/python3.10/site-packages/serial_motor_demo/driver_node.py to driver_node.cpython-310.pyc
[3.577s] Sorry: TabError: inconsistent use of tabs and spaces in indentation (driver_node.py, line 31)
[3.577s] running install_data
[3.579s] running install_egg_info
[3.586s] removing '/home/proje/ros2_ws/install/serial_motor_demo/lib/python3.10/site-packages/serial_motor_demo-0.0.0-py3.10.egg-info' (and everything under it)
[3.587s] Copying ../../build/serial_motor_demo/serial_motor_demo.egg-info to /home/proje/ros2_ws/install/serial_motor_demo/lib/python3.10/site-packages/serial_motor_demo-0.0.0-py3.10.egg-info
[3.592s] running install_scripts
[3.671s] Installing driver_node script to /home/proje/ros2_ws/install/serial_motor_demo/lib/serial_motor_demo
[3.671s] Installing laser_sync script to /home/proje/ros2_ws/install/serial_motor_demo/lib/serial_motor_demo
[3.672s] Installing odom_node script to /home/proje/ros2_ws/install/serial_motor_demo/lib/serial_motor_demo
[3.673s] Installing teleop_wasd script to /home/proje/ros2_ws/install/serial_motor_demo/lib/serial_motor_demo
[3.675s] writing list of installed files to '/home/proje/ros2_ws/build/serial_motor_demo/install.log'
[3.791s] Invoked command in '/home/proje/ros2_ws/src/serial_motor_demo' returned '0': PYTHONPATH=/home/proje/ros2_ws/build/serial_motor_demo/prefix_override:/usr/lib/python3/dist-packages/colcon_core/task/python/colcon_distutils_commands:/home/proje/ros2_ws/install/serial_motor_demo/lib/python3.10/site-packages:${PYTHONPATH} /usr/bin/python3 -W ignore:setup.py install is deprecated -W ignore:easy_install command is deprecated setup.py egg_info --egg-base ../../build/serial_motor_demo build --build-base /home/proje/ros2_ws/build/serial_motor_demo/build install --record /home/proje/ros2_ws/build/serial_motor_demo/install.log --single-version-externally-managed install_data
