[2.660s] Invoking command in '/home/proje/ros2_ws/src/serial_motor_demo': PYTHONPATH=/home/proje/ros2_ws/build/serial_motor_demo/prefix_override:/usr/lib/python3/dist-packages/colcon_core/task/python/colcon_distutils_commands:/home/proje/ros2_ws/install/serial_motor_demo/lib/python3.10/site-packages:${PYTHONPATH} /usr/bin/python3 -W ignore:setup.py install is deprecated -W ignore:easy_install command is deprecated setup.py egg_info --egg-base ../../build/serial_motor_demo build --build-base /home/proje/ros2_ws/build/serial_motor_demo/build install --record /home/proje/ros2_ws/build/serial_motor_demo/install.log --single-version-externally-managed install_data
[3.134s] Traceback (most recent call last):
[3.134s]   File "/home/proje/ros2_ws/src/serial_motor_demo/setup.py", line 3, in <module>
[3.135s]     from setuptools import find_packages
[3.135s]   File "/usr/lib/python3/dist-packages/setuptools/__init__.py", line 16, in <module>
[3.136s]     import setuptools.version
[3.136s]   File "/usr/lib/python3/dist-packages/setuptools/version.py", line 1, in <module>
[3.136s]     import pkg_resources
[3.137s]   File "/usr/lib/python3/dist-packages/pkg_resources/__init__.py", line 3267, in <module>
[3.141s]     def _initialize_master_working_set():
[3.141s]   File "/usr/lib/python3/dist-packages/pkg_resources/__init__.py", line 3241, in _call_aside
[3.142s]     f(*args, **kwargs)
[3.143s]   File "/usr/lib/python3/dist-packages/pkg_resources/__init__.py", line 3279, in _initialize_master_working_set
[3.144s]     working_set = WorkingSet._build_master()
[3.145s]   File "/usr/lib/python3/dist-packages/pkg_resources/__init__.py", line 564, in _build_master
[3.145s]     ws = cls()
[3.146s]   File "/usr/lib/python3/dist-packages/pkg_resources/__init__.py", line 557, in __init__
[3.146s]     self.add_entry(entry)
[3.147s]   File "/usr/lib/python3/dist-packages/pkg_resources/__init__.py", line 613, in add_entry
[3.147s]     for dist in find_distributions(entry, True):
[3.148s]   File "/usr/lib/python3/dist-packages/pkg_resources/__init__.py", line 2077, in find_on_path
[3.148s]     for dist in factory(fullpath):
[3.148s]   File "/usr/lib/python3/dist-packages/pkg_resources/__init__.py", line 2142, in distributions_from_metadata
[3.149s]     yield Distribution.from_location(
[3.149s]   File "/usr/lib/python3/dist-packages/pkg_resources/__init__.py", line 2606, in from_location
[3.150s]     )._reload_version()
[3.150s]   File "/usr/lib/python3/dist-packages/pkg_resources/__init__.py", line 3004, in _reload_version
[3.152s]     md_version = self._get_version()
[3.152s]   File "/usr/lib/python3/dist-packages/pkg_resources/__init__.py", line 2785, in _get_version
[3.153s]     version = _version_from_file(lines)
[3.153s]   File "/usr/lib/python3/dist-packages/pkg_resources/__init__.py", line 2569, in _version_from_file
[3.154s]     line = next(iter(version_lines), '')
[3.155s]   File "/usr/lib/python3/dist-packages/pkg_resources/__init__.py", line 2780, in _get_metadata
[3.156s]     for line in self.get_metadata_lines(name):
[3.156s]   File "/usr/lib/python3/dist-packages/pkg_resources/__init__.py", line 1422, in get_metadata_lines
[3.157s]     return yield_lines(self.get_metadata(name))
[3.157s]   File "/usr/lib/python3/dist-packages/pkg_resources/__init__.py", line 1411, in get_metadata
[3.157s]     path = self._get_metadata_path(name)
[3.158s]   File "/usr/lib/python3/dist-packages/pkg_resources/__init__.py", line 1399, in _get_metadata_path
[3.158s]     return self._fn(self.egg_info, name)
[3.159s]   File "/usr/lib/python3/dist-packages/pkg_resources/__init__.py", line 1480, in _fn
[3.159s]     return os.path.join(base, *resource_name.split('/'))
[3.159s]   File "/usr/lib/python3.10/posixpath.py", line 71, in join
[3.161s]     def join(a, *p):
[3.162s] KeyboardInterrupt
[3.234s] Invoked command in '/home/proje/ros2_ws/src/serial_motor_demo' returned '-2': PYTHONPATH=/home/proje/ros2_ws/build/serial_motor_demo/prefix_override:/usr/lib/python3/dist-packages/colcon_core/task/python/colcon_distutils_commands:/home/proje/ros2_ws/install/serial_motor_demo/lib/python3.10/site-packages:${PYTHONPATH} /usr/bin/python3 -W ignore:setup.py install is deprecated -W ignore:easy_install command is deprecated setup.py egg_info --egg-base ../../build/serial_motor_demo build --build-base /home/proje/ros2_ws/build/serial_motor_demo/build install --record /home/proje/ros2_ws/build/serial_motor_demo/install.log --single-version-externally-managed install_data
