/home/proje/ros2_ws/install/serial_motor_demo/lib/python3.10/site-packages/serial_motor_demo/__init__.py
/home/proje/ros2_ws/install/serial_motor_demo/lib/python3.10/site-packages/serial_motor_demo/teleop_wasd.py
/home/proje/ros2_ws/install/serial_motor_demo/lib/python3.10/site-packages/serial_motor_demo/driver_node.py
/home/proje/ros2_ws/install/serial_motor_demo/lib/python3.10/site-packages/serial_motor_demo/odom_node.py
/home/proje/ros2_ws/install/serial_motor_demo/lib/python3.10/site-packages/serial_motor_demo/laser_sync.py
/home/proje/ros2_ws/install/serial_motor_demo/lib/python3.10/site-packages/serial_motor_demo/__pycache__/__init__.cpython-310.pyc
/home/proje/ros2_ws/install/serial_motor_demo/lib/python3.10/site-packages/serial_motor_demo/__pycache__/teleop_wasd.cpython-310.pyc
/home/proje/ros2_ws/install/serial_motor_demo/lib/python3.10/site-packages/serial_motor_demo/__pycache__/driver_node.cpython-310.pyc
/home/proje/ros2_ws/install/serial_motor_demo/lib/python3.10/site-packages/serial_motor_demo/__pycache__/odom_node.cpython-310.pyc
/home/proje/ros2_ws/install/serial_motor_demo/lib/python3.10/site-packages/serial_motor_demo/__pycache__/laser_sync.cpython-310.pyc
/home/proje/ros2_ws/install/serial_motor_demo/share/ament_index/resource_index/packages/serial_motor_demo
/home/proje/ros2_ws/install/serial_motor_demo/share/serial_motor_demo/package.xml
/home/proje/ros2_ws/install/serial_motor_demo/share/serial_motor_demo/launch/robot_slam_launch.py
/home/proje/ros2_ws/install/serial_motor_demo/share/serial_motor_demo/launch/nav2_launch.py
/home/proje/ros2_ws/install/serial_motor_demo/share/serial_motor_demo/config/mapper_params_online_async.yaml
/home/proje/ros2_ws/install/serial_motor_demo/share/serial_motor_demo/config/nav2_params.yaml
/home/proje/ros2_ws/install/serial_motor_demo/share/serial_motor_demo/config/mapper_lidar_only.yaml
/home/proje/ros2_ws/install/serial_motor_demo/lib/python3.10/site-packages/serial_motor_demo-0.0.0-py3.10.egg-info/PKG-INFO
/home/proje/ros2_ws/install/serial_motor_demo/lib/python3.10/site-packages/serial_motor_demo-0.0.0-py3.10.egg-info/top_level.txt
/home/proje/ros2_ws/install/serial_motor_demo/lib/python3.10/site-packages/serial_motor_demo-0.0.0-py3.10.egg-info/SOURCES.txt
/home/proje/ros2_ws/install/serial_motor_demo/lib/python3.10/site-packages/serial_motor_demo-0.0.0-py3.10.egg-info/entry_points.txt
/home/proje/ros2_ws/install/serial_motor_demo/lib/python3.10/site-packages/serial_motor_demo-0.0.0-py3.10.egg-info/requires.txt
/home/proje/ros2_ws/install/serial_motor_demo/lib/python3.10/site-packages/serial_motor_demo-0.0.0-py3.10.egg-info/dependency_links.txt
/home/proje/ros2_ws/install/serial_motor_demo/lib/python3.10/site-packages/serial_motor_demo-0.0.0-py3.10.egg-info/zip-safe
/home/proje/ros2_ws/install/serial_motor_demo/lib/serial_motor_demo/driver_node
/home/proje/ros2_ws/install/serial_motor_demo/lib/serial_motor_demo/laser_sync
/home/proje/ros2_ws/install/serial_motor_demo/lib/serial_motor_demo/odom_node
/home/proje/ros2_ws/install/serial_motor_demo/lib/serial_motor_demo/teleop_wasd
