[3.582s] Invoking command in '/home/proje/ros2_ws/src/serial_motor_demo': PYTHONPATH=/home/proje/ros2_ws/build/serial_motor_demo/prefix_override:/usr/lib/python3/dist-packages/colcon_core/task/python/colcon_distutils_commands:/home/proje/ros2_ws/install/serial_motor_demo/lib/python3.10/site-packages:${PYTHONPATH} /usr/bin/python3 -W ignore:setup.py install is deprecated -W ignore:easy_install command is deprecated setup.py egg_info --egg-base ../../build/serial_motor_demo build --build-base /home/proje/ros2_ws/build/serial_motor_demo/build install --record /home/proje/ros2_ws/build/serial_motor_demo/install.log --single-version-externally-managed install_data
[4.562s] running egg_info
[4.565s] writing ../../build/serial_motor_demo/serial_motor_demo.egg-info/PKG-INFO
[4.567s] writing dependency_links to ../../build/serial_motor_demo/serial_motor_demo.egg-info/dependency_links.txt
[4.568s] writing entry points to ../../build/serial_motor_demo/serial_motor_demo.egg-info/entry_points.txt
[4.569s] writing requirements to ../../build/serial_motor_demo/serial_motor_demo.egg-info/requires.txt
[4.570s] writing top-level names to ../../build/serial_motor_demo/serial_motor_demo.egg-info/top_level.txt
[4.585s] reading manifest file '../../build/serial_motor_demo/serial_motor_demo.egg-info/SOURCES.txt'
[4.590s] writing manifest file '../../build/serial_motor_demo/serial_motor_demo.egg-info/SOURCES.txt'
[4.591s] running build
[4.591s] running build_py
[4.596s] running install
[4.597s] running install_lib
[4.605s] running install_data
[4.607s] copying launch/nav2_launch.py -> /home/proje/ros2_ws/install/serial_motor_demo/share/serial_motor_demo/launch
[4.609s] copying config/nav2_params.yaml -> /home/proje/ros2_ws/install/serial_motor_demo/share/serial_motor_demo/config
[4.610s] running install_egg_info
[4.617s] removing '/home/proje/ros2_ws/install/serial_motor_demo/lib/python3.10/site-packages/serial_motor_demo-0.0.0-py3.10.egg-info' (and everything under it)
[4.619s] Copying ../../build/serial_motor_demo/serial_motor_demo.egg-info to /home/proje/ros2_ws/install/serial_motor_demo/lib/python3.10/site-packages/serial_motor_demo-0.0.0-py3.10.egg-info
[4.625s] running install_scripts
[4.705s] Installing driver_node script to /home/proje/ros2_ws/install/serial_motor_demo/lib/serial_motor_demo
[4.707s] Installing laser_sync script to /home/proje/ros2_ws/install/serial_motor_demo/lib/serial_motor_demo
[4.707s] Installing odom_node script to /home/proje/ros2_ws/install/serial_motor_demo/lib/serial_motor_demo
[4.708s] Installing teleop_wasd script to /home/proje/ros2_ws/install/serial_motor_demo/lib/serial_motor_demo
[4.710s] writing list of installed files to '/home/proje/ros2_ws/build/serial_motor_demo/install.log'
[4.833s] Invoked command in '/home/proje/ros2_ws/src/serial_motor_demo' returned '0': PYTHONPATH=/home/proje/ros2_ws/build/serial_motor_demo/prefix_override:/usr/lib/python3/dist-packages/colcon_core/task/python/colcon_distutils_commands:/home/proje/ros2_ws/install/serial_motor_demo/lib/python3.10/site-packages:${PYTHONPATH} /usr/bin/python3 -W ignore:setup.py install is deprecated -W ignore:easy_install command is deprecated setup.py egg_info --egg-base ../../build/serial_motor_demo build --build-base /home/proje/ros2_ws/build/serial_motor_demo/build install --record /home/proje/ros2_ws/build/serial_motor_demo/install.log --single-version-externally-managed install_data
