[2.699s] Invoking command in '/home/proje/ros2_ws/src/serial_motor_demo': PYTHONPATH=/home/proje/ros2_ws/build/serial_motor_demo/prefix_override:/usr/lib/python3/dist-packages/colcon_core/task/python/colcon_distutils_commands:/home/proje/ros2_ws/install/serial_motor_demo/lib/python3.10/site-packages:${PYTHONPATH} /usr/bin/python3 -W ignore:setup.py install is deprecated -W ignore:easy_install command is deprecated setup.py egg_info --egg-base ../../build/serial_motor_demo build --build-base /home/proje/ros2_ws/build/serial_motor_demo/build install --record /home/proje/ros2_ws/build/serial_motor_demo/install.log --single-version-externally-managed install_data
[3.718s] running egg_info
[3.720s] creating ../../build/serial_motor_demo/serial_motor_demo.egg-info
[3.720s] writing ../../build/serial_motor_demo/serial_motor_demo.egg-info/PKG-INFO
[3.722s] writing dependency_links to ../../build/serial_motor_demo/serial_motor_demo.egg-info/dependency_links.txt
[3.723s] writing entry points to ../../build/serial_motor_demo/serial_motor_demo.egg-info/entry_points.txt
[3.723s] writing requirements to ../../build/serial_motor_demo/serial_motor_demo.egg-info/requires.txt
[3.723s] writing top-level names to ../../build/serial_motor_demo/serial_motor_demo.egg-info/top_level.txt
[3.724s] writing manifest file '../../build/serial_motor_demo/serial_motor_demo.egg-info/SOURCES.txt'
[3.731s] reading manifest file '../../build/serial_motor_demo/serial_motor_demo.egg-info/SOURCES.txt'
[3.735s] writing manifest file '../../build/serial_motor_demo/serial_motor_demo.egg-info/SOURCES.txt'
[3.736s] running build
[3.736s] running build_py
[3.737s] creating /home/proje/ros2_ws/build/serial_motor_demo/build
[3.737s] creating /home/proje/ros2_ws/build/serial_motor_demo/build/lib
[3.738s] creating /home/proje/ros2_ws/build/serial_motor_demo/build/lib/serial_motor_demo
[3.738s] copying serial_motor_demo/__init__.py -> /home/proje/ros2_ws/build/serial_motor_demo/build/lib/serial_motor_demo
[3.738s] copying serial_motor_demo/teleop_wasd.py -> /home/proje/ros2_ws/build/serial_motor_demo/build/lib/serial_motor_demo
[3.740s] copying serial_motor_demo/driver_node.py -> /home/proje/ros2_ws/build/serial_motor_demo/build/lib/serial_motor_demo
[3.740s] copying serial_motor_demo/odom_node.py -> /home/proje/ros2_ws/build/serial_motor_demo/build/lib/serial_motor_demo
[3.741s] copying serial_motor_demo/laser_sync.py -> /home/proje/ros2_ws/build/serial_motor_demo/build/lib/serial_motor_demo
[3.742s] running install
[3.743s] running install_lib
[3.746s] creating /home/proje/ros2_ws/install/serial_motor_demo/lib/python3.10/site-packages/serial_motor_demo
[3.748s] copying /home/proje/ros2_ws/build/serial_motor_demo/build/lib/serial_motor_demo/__init__.py -> /home/proje/ros2_ws/install/serial_motor_demo/lib/python3.10/site-packages/serial_motor_demo
[3.748s] copying /home/proje/ros2_ws/build/serial_motor_demo/build/lib/serial_motor_demo/teleop_wasd.py -> /home/proje/ros2_ws/install/serial_motor_demo/lib/python3.10/site-packages/serial_motor_demo
[3.749s] copying /home/proje/ros2_ws/build/serial_motor_demo/build/lib/serial_motor_demo/driver_node.py -> /home/proje/ros2_ws/install/serial_motor_demo/lib/python3.10/site-packages/serial_motor_demo
[3.749s] copying /home/proje/ros2_ws/build/serial_motor_demo/build/lib/serial_motor_demo/odom_node.py -> /home/proje/ros2_ws/install/serial_motor_demo/lib/python3.10/site-packages/serial_motor_demo
[3.750s] copying /home/proje/ros2_ws/build/serial_motor_demo/build/lib/serial_motor_demo/laser_sync.py -> /home/proje/ros2_ws/install/serial_motor_demo/lib/python3.10/site-packages/serial_motor_demo
[3.753s] byte-compiling /home/proje/ros2_ws/install/serial_motor_demo/lib/python3.10/site-packages/serial_motor_demo/__init__.py to __init__.cpython-310.pyc
[3.754s] byte-compiling /home/proje/ros2_ws/install/serial_motor_demo/lib/python3.10/site-packages/serial_motor_demo/teleop_wasd.py to teleop_wasd.cpython-310.pyc
[3.757s] byte-compiling /home/proje/ros2_ws/install/serial_motor_demo/lib/python3.10/site-packages/serial_motor_demo/driver_node.py to driver_node.cpython-310.pyc
[3.759s] byte-compiling /home/proje/ros2_ws/install/serial_motor_demo/lib/python3.10/site-packages/serial_motor_demo/odom_node.py to odom_node.cpython-310.pyc
[3.763s] byte-compiling /home/proje/ros2_ws/install/serial_motor_demo/lib/python3.10/site-packages/serial_motor_demo/laser_sync.py to laser_sync.cpython-310.pyc
[3.765s] running install_data
[3.768s] creating /home/proje/ros2_ws/install/serial_motor_demo/share/ament_index
[3.769s] creating /home/proje/ros2_ws/install/serial_motor_demo/share/ament_index/resource_index
[3.769s] creating /home/proje/ros2_ws/install/serial_motor_demo/share/ament_index/resource_index/packages
[3.770s] copying resource/serial_motor_demo -> /home/proje/ros2_ws/install/serial_motor_demo/share/ament_index/resource_index/packages
[3.770s] copying package.xml -> /home/proje/ros2_ws/install/serial_motor_demo/share/serial_motor_demo
[3.770s] creating /home/proje/ros2_ws/install/serial_motor_demo/share/serial_motor_demo/launch
[3.771s] copying launch/robot_slam_launch.py -> /home/proje/ros2_ws/install/serial_motor_demo/share/serial_motor_demo/launch
[3.771s] creating /home/proje/ros2_ws/install/serial_motor_demo/share/serial_motor_demo/config
[3.771s] copying config/mapper_lidar_only.yaml -> /home/proje/ros2_ws/install/serial_motor_demo/share/serial_motor_demo/config
[3.772s] running install_egg_info
[3.777s] Copying ../../build/serial_motor_demo/serial_motor_demo.egg-info to /home/proje/ros2_ws/install/serial_motor_demo/lib/python3.10/site-packages/serial_motor_demo-0.0.0-py3.10.egg-info
[3.783s] running install_scripts
[3.864s] Installing driver_node script to /home/proje/ros2_ws/install/serial_motor_demo/lib/serial_motor_demo
[3.864s] Installing laser_sync script to /home/proje/ros2_ws/install/serial_motor_demo/lib/serial_motor_demo
[3.865s] Installing odom_node script to /home/proje/ros2_ws/install/serial_motor_demo/lib/serial_motor_demo
[3.865s] Installing teleop_wasd script to /home/proje/ros2_ws/install/serial_motor_demo/lib/serial_motor_demo
[3.867s] writing list of installed files to '/home/proje/ros2_ws/build/serial_motor_demo/install.log'
[3.989s] Invoked command in '/home/proje/ros2_ws/src/serial_motor_demo' returned '0': PYTHONPATH=/home/proje/ros2_ws/build/serial_motor_demo/prefix_override:/usr/lib/python3/dist-packages/colcon_core/task/python/colcon_distutils_commands:/home/proje/ros2_ws/install/serial_motor_demo/lib/python3.10/site-packages:${PYTHONPATH} /usr/bin/python3 -W ignore:setup.py install is deprecated -W ignore:easy_install command is deprecated setup.py egg_info --egg-base ../../build/serial_motor_demo build --build-base /home/proje/ros2_ws/build/serial_motor_demo/build install --record /home/proje/ros2_ws/build/serial_motor_demo/install.log --single-version-externally-managed install_data
