[0.454s] DEBUG:colcon:Command line arguments: ['/usr/bin/colcon', 'build', '--packages-select', 'serial_motor_demo']
[0.455s] DEBUG:colcon:Parsed command line arguments: Namespace(log_base=None, log_level=None, verb_name='build', build_base='build', install_base='install', merge_install=False, symlink_install=False, test_result_base=None, continue_on_error=False, executor='parallel', parallel_workers=4, event_handlers=None, ignore_user_meta=False, metas=['./colcon.meta'], base_paths=['.'], packages_ignore=None, packages_ignore_regex=None, paths=None, packages_up_to=None, packages_up_to_regex=None, packages_above=None, packages_above_and_dependencies=None, packages_above_depth=None, packages_select_by_dep=None, packages_skip_by_dep=None, packages_skip_up_to=None, packages_select_build_failed=False, packages_skip_build_finished=False, packages_select_test_failures=False, packages_skip_test_passed=False, packages_select=['serial_motor_demo'], packages_skip=None, packages_select_regex=None, packages_skip_regex=None, packages_start=None, packages_end=None, allow_overriding=[], cmake_args=None, cmake_target=None, cmake_target_skip_unavailable=False, cmake_clean_cache=False, cmake_clean_first=False, cmake_force_configure=False, ament_cmake_args=None, catkin_cmake_args=None, catkin_skip_building_tests=False, mixin_files=None, mixin=None, verb_parser=<colcon_mixin.mixin.mixin_argument.MixinArgumentDecorator object at 0xffff7dfd80a0>, verb_extension=<colcon_core.verb.build.BuildVerb object at 0xffff7e0c8670>, main=<bound method BuildVerb.main of <colcon_core.verb.build.BuildVerb object at 0xffff7e0c8670>>, mixin_verb=('build',))
[1.163s] Level 1:colcon.colcon_core.package_discovery:discover_packages(colcon_meta) check parameters
[1.164s] Level 1:colcon.colcon_core.package_discovery:discover_packages(recursive) check parameters
[1.164s] Level 1:colcon.colcon_core.package_discovery:discover_packages(ignore) check parameters
[1.164s] Level 1:colcon.colcon_core.package_discovery:discover_packages(path) check parameters
[1.164s] Level 1:colcon.colcon_core.package_discovery:discover_packages(colcon_meta) discover
[1.164s] Level 1:colcon.colcon_core.package_discovery:discover_packages(recursive) discover
[1.165s] INFO:colcon.colcon_core.package_discovery:Crawling recursively for packages in '/home/proje/ros2_ws'
[1.165s] Level 1:colcon.colcon_core.package_identification:_identify(.) by extensions ['ignore', 'ignore_ament_install']
[1.165s] Level 1:colcon.colcon_core.package_identification:_identify(.) by extension 'ignore'
[1.166s] Level 1:colcon.colcon_core.package_identification:_identify(.) by extension 'ignore_ament_install'
[1.166s] Level 1:colcon.colcon_core.package_identification:_identify(.) by extensions ['colcon_pkg']
[1.166s] Level 1:colcon.colcon_core.package_identification:_identify(.) by extension 'colcon_pkg'
[1.166s] Level 1:colcon.colcon_core.package_identification:_identify(.) by extensions ['colcon_meta']
[1.166s] Level 1:colcon.colcon_core.package_identification:_identify(.) by extension 'colcon_meta'
[1.166s] Level 1:colcon.colcon_core.package_identification:_identify(.) by extensions ['ros']
[1.167s] Level 1:colcon.colcon_core.package_identification:_identify(.) by extension 'ros'
[1.217s] Level 1:colcon.colcon_core.package_identification:_identify(.) by extensions ['cmake', 'python']
[1.217s] Level 1:colcon.colcon_core.package_identification:_identify(.) by extension 'cmake'
[1.217s] Level 1:colcon.colcon_core.package_identification:_identify(.) by extension 'python'
[1.217s] Level 1:colcon.colcon_core.package_identification:_identify(.) by extensions ['python_setup_py']
[1.217s] Level 1:colcon.colcon_core.package_identification:_identify(.) by extension 'python_setup_py'
[1.218s] Level 1:colcon.colcon_core.package_identification:_identify(build) by extensions ['ignore', 'ignore_ament_install']
[1.218s] Level 1:colcon.colcon_core.package_identification:_identify(build) by extension 'ignore'
[1.218s] Level 1:colcon.colcon_core.package_identification:_identify(build) ignored
[1.219s] Level 1:colcon.colcon_core.package_identification:_identify(install) by extensions ['ignore', 'ignore_ament_install']
[1.219s] Level 1:colcon.colcon_core.package_identification:_identify(install) by extension 'ignore'
[1.220s] Level 1:colcon.colcon_core.package_identification:_identify(install) ignored
[1.220s] Level 1:colcon.colcon_core.package_identification:_identify(log) by extensions ['ignore', 'ignore_ament_install']
[1.220s] Level 1:colcon.colcon_core.package_identification:_identify(log) by extension 'ignore'
[1.221s] Level 1:colcon.colcon_core.package_identification:_identify(log) ignored
[1.221s] Level 1:colcon.colcon_core.package_identification:_identify(src) by extensions ['ignore', 'ignore_ament_install']
[1.221s] Level 1:colcon.colcon_core.package_identification:_identify(src) by extension 'ignore'
[1.222s] Level 1:colcon.colcon_core.package_identification:_identify(src) by extension 'ignore_ament_install'
[1.222s] Level 1:colcon.colcon_core.package_identification:_identify(src) by extensions ['colcon_pkg']
[1.222s] Level 1:colcon.colcon_core.package_identification:_identify(src) by extension 'colcon_pkg'
[1.222s] Level 1:colcon.colcon_core.package_identification:_identify(src) by extensions ['colcon_meta']
[1.222s] Level 1:colcon.colcon_core.package_identification:_identify(src) by extension 'colcon_meta'
[1.223s] Level 1:colcon.colcon_core.package_identification:_identify(src) by extensions ['ros']
[1.223s] Level 1:colcon.colcon_core.package_identification:_identify(src) by extension 'ros'
[1.223s] Level 1:colcon.colcon_core.package_identification:_identify(src) by extensions ['cmake', 'python']
[1.223s] Level 1:colcon.colcon_core.package_identification:_identify(src) by extension 'cmake'
[1.223s] Level 1:colcon.colcon_core.package_identification:_identify(src) by extension 'python'
[1.224s] Level 1:colcon.colcon_core.package_identification:_identify(src) by extensions ['python_setup_py']
[1.224s] Level 1:colcon.colcon_core.package_identification:_identify(src) by extension 'python_setup_py'
[1.224s] Level 1:colcon.colcon_core.package_identification:_identify(src/rf2o_laser_odometry) by extensions ['ignore', 'ignore_ament_install']
[1.225s] Level 1:colcon.colcon_core.package_identification:_identify(src/rf2o_laser_odometry) by extension 'ignore'
[1.225s] Level 1:colcon.colcon_core.package_identification:_identify(src/rf2o_laser_odometry) by extension 'ignore_ament_install'
[1.225s] Level 1:colcon.colcon_core.package_identification:_identify(src/rf2o_laser_odometry) by extensions ['colcon_pkg']
[1.225s] Level 1:colcon.colcon_core.package_identification:_identify(src/rf2o_laser_odometry) by extension 'colcon_pkg'
[1.225s] Level 1:colcon.colcon_core.package_identification:_identify(src/rf2o_laser_odometry) by extensions ['colcon_meta']
[1.225s] Level 1:colcon.colcon_core.package_identification:_identify(src/rf2o_laser_odometry) by extension 'colcon_meta'
[1.226s] Level 1:colcon.colcon_core.package_identification:_identify(src/rf2o_laser_odometry) by extensions ['ros']
[1.226s] Level 1:colcon.colcon_core.package_identification:_identify(src/rf2o_laser_odometry) by extension 'ros'
[1.236s] DEBUG:colcon.colcon_core.package_identification:Package 'src/rf2o_laser_odometry' with type 'ros.ament_cmake' and name 'rf2o_laser_odometry'
[1.237s] Level 1:colcon.colcon_core.package_identification:_identify(src/serial_motor_demo) by extensions ['ignore', 'ignore_ament_install']
[1.238s] Level 1:colcon.colcon_core.package_identification:_identify(src/serial_motor_demo) by extension 'ignore'
[1.238s] Level 1:colcon.colcon_core.package_identification:_identify(src/serial_motor_demo) by extension 'ignore_ament_install'
[1.238s] Level 1:colcon.colcon_core.package_identification:_identify(src/serial_motor_demo) by extensions ['colcon_pkg']
[1.238s] Level 1:colcon.colcon_core.package_identification:_identify(src/serial_motor_demo) by extension 'colcon_pkg'
[1.239s] Level 1:colcon.colcon_core.package_identification:_identify(src/serial_motor_demo) by extensions ['colcon_meta']
[1.239s] Level 1:colcon.colcon_core.package_identification:_identify(src/serial_motor_demo) by extension 'colcon_meta'
[1.239s] Level 1:colcon.colcon_core.package_identification:_identify(src/serial_motor_demo) by extensions ['ros']
[1.239s] Level 1:colcon.colcon_core.package_identification:_identify(src/serial_motor_demo) by extension 'ros'
[1.242s] DEBUG:colcon.colcon_core.package_identification:Package 'src/serial_motor_demo' with type 'ros.ament_python' and name 'serial_motor_demo'
[1.242s] Level 1:colcon.colcon_core.package_discovery:discover_packages(recursive) using defaults
[1.243s] Level 1:colcon.colcon_core.package_discovery:discover_packages(ignore) discover
[1.243s] Level 1:colcon.colcon_core.package_discovery:discover_packages(ignore) using defaults
[1.243s] Level 1:colcon.colcon_core.package_discovery:discover_packages(path) discover
[1.243s] Level 1:colcon.colcon_core.package_discovery:discover_packages(path) using defaults
[1.319s] INFO:colcon.colcon_core.package_selection:Skipping not selected package 'rf2o_laser_odometry' in 'src/rf2o_laser_odometry'
[1.321s] Level 1:colcon.colcon_core.package_discovery:discover_packages(prefix_path) check parameters
[1.321s] Level 1:colcon.colcon_core.package_discovery:discover_packages(prefix_path) discover
[1.325s] WARNING:colcon.colcon_ros.prefix_path.ament:The path '/home/proje/ros2_ws/install/serial_motor_demo' in the environment variable AMENT_PREFIX_PATH doesn't exist
[1.329s] DEBUG:colcon.colcon_installed_package_information.package_discovery:Found 0 installed packages in /home/proje/ros2_ws/install
[1.336s] DEBUG:colcon.colcon_installed_package_information.package_discovery:Found 206 installed packages in /opt/ros/humble
[1.341s] Level 1:colcon.colcon_core.package_discovery:discover_packages(prefix_path) using defaults
[1.507s] Level 5:colcon.colcon_core.verb:set package 'serial_motor_demo' build argument 'cmake_args' from command line to 'None'
[1.508s] Level 5:colcon.colcon_core.verb:set package 'serial_motor_demo' build argument 'cmake_target' from command line to 'None'
[1.508s] Level 5:colcon.colcon_core.verb:set package 'serial_motor_demo' build argument 'cmake_target_skip_unavailable' from command line to 'False'
[1.508s] Level 5:colcon.colcon_core.verb:set package 'serial_motor_demo' build argument 'cmake_clean_cache' from command line to 'False'
[1.508s] Level 5:colcon.colcon_core.verb:set package 'serial_motor_demo' build argument 'cmake_clean_first' from command line to 'False'
[1.508s] Level 5:colcon.colcon_core.verb:set package 'serial_motor_demo' build argument 'cmake_force_configure' from command line to 'False'
[1.508s] Level 5:colcon.colcon_core.verb:set package 'serial_motor_demo' build argument 'ament_cmake_args' from command line to 'None'
[1.508s] Level 5:colcon.colcon_core.verb:set package 'serial_motor_demo' build argument 'catkin_cmake_args' from command line to 'None'
[1.508s] Level 5:colcon.colcon_core.verb:set package 'serial_motor_demo' build argument 'catkin_skip_building_tests' from command line to 'False'
[1.509s] DEBUG:colcon.colcon_core.verb:Building package 'serial_motor_demo' with the following arguments: {'ament_cmake_args': None, 'build_base': '/home/proje/ros2_ws/build/serial_motor_demo', 'catkin_cmake_args': None, 'catkin_skip_building_tests': False, 'cmake_args': None, 'cmake_clean_cache': False, 'cmake_clean_first': False, 'cmake_force_configure': False, 'cmake_target': None, 'cmake_target_skip_unavailable': False, 'install_base': '/home/proje/ros2_ws/install/serial_motor_demo', 'merge_install': False, 'path': '/home/proje/ros2_ws/src/serial_motor_demo', 'symlink_install': False, 'test_result_base': None}
[1.509s] INFO:colcon.colcon_core.executor:Executing jobs using 'parallel' executor
[1.512s] DEBUG:colcon.colcon_parallel_executor.executor.parallel:run_until_complete
[1.513s] INFO:colcon.colcon_ros.task.ament_python.build:Building ROS package in '/home/proje/ros2_ws/src/serial_motor_demo' with build type 'ament_python'
[1.514s] Level 1:colcon.colcon_core.shell:create_environment_hook('serial_motor_demo', 'ament_prefix_path')
[1.523s] INFO:colcon.colcon_core.plugin_system:Skipping extension 'colcon_core.shell.bat': Not used on non-Windows systems
[1.524s] INFO:colcon.colcon_core.shell:Creating environment hook '/home/proje/ros2_ws/install/serial_motor_demo/share/serial_motor_demo/hook/ament_prefix_path.ps1'
[1.528s] INFO:colcon.colcon_core.shell:Creating environment descriptor '/home/proje/ros2_ws/install/serial_motor_demo/share/serial_motor_demo/hook/ament_prefix_path.dsv'
[1.530s] INFO:colcon.colcon_core.shell:Creating environment hook '/home/proje/ros2_ws/install/serial_motor_demo/share/serial_motor_demo/hook/ament_prefix_path.sh'
[1.534s] INFO:colcon.colcon_core.shell:Skip shell extension 'powershell' for command environment: Not usable outside of PowerShell
[1.534s] DEBUG:colcon.colcon_core.shell:Skip shell extension 'dsv' for command environment
[2.593s] INFO:colcon.colcon_core.task.python.build:Building Python package in '/home/proje/ros2_ws/src/serial_motor_demo'
[2.594s] INFO:colcon.colcon_core.shell:Skip shell extension 'powershell' for command environment: Not usable outside of PowerShell
[2.594s] DEBUG:colcon.colcon_core.shell:Skip shell extension 'dsv' for command environment
[4.087s] DEBUG:colcon.colcon_core.event_handler.log_command:Invoking command in '/home/proje/ros2_ws/src/serial_motor_demo': PYTHONPATH=/home/proje/ros2_ws/build/serial_motor_demo/prefix_override:/usr/lib/python3/dist-packages/colcon_core/task/python/colcon_distutils_commands:/home/proje/ros2_ws/install/serial_motor_demo/lib/python3.10/site-packages:${PYTHONPATH} /usr/bin/python3 -W ignore:setup.py install is deprecated -W ignore:easy_install command is deprecated setup.py egg_info --egg-base ../../build/serial_motor_demo build --build-base /home/proje/ros2_ws/build/serial_motor_demo/build install --record /home/proje/ros2_ws/build/serial_motor_demo/install.log --single-version-externally-managed install_data
[5.354s] DEBUG:colcon.colcon_core.event_handler.log_command:Invoked command in '/home/proje/ros2_ws/src/serial_motor_demo' returned '0': PYTHONPATH=/home/proje/ros2_ws/build/serial_motor_demo/prefix_override:/usr/lib/python3/dist-packages/colcon_core/task/python/colcon_distutils_commands:/home/proje/ros2_ws/install/serial_motor_demo/lib/python3.10/site-packages:${PYTHONPATH} /usr/bin/python3 -W ignore:setup.py install is deprecated -W ignore:easy_install command is deprecated setup.py egg_info --egg-base ../../build/serial_motor_demo build --build-base /home/proje/ros2_ws/build/serial_motor_demo/build install --record /home/proje/ros2_ws/build/serial_motor_demo/install.log --single-version-externally-managed install_data
[5.363s] Level 1:colcon.colcon_core.environment:checking '/home/proje/ros2_ws/install/serial_motor_demo' for CMake module files
[5.365s] Level 1:colcon.colcon_core.environment:checking '/home/proje/ros2_ws/install/serial_motor_demo' for CMake config files
[5.369s] Level 1:colcon.colcon_core.environment:checking '/home/proje/ros2_ws/install/serial_motor_demo/lib'
[5.370s] Level 1:colcon.colcon_core.environment:checking '/home/proje/ros2_ws/install/serial_motor_demo/bin'
[5.370s] Level 1:colcon.colcon_core.environment:checking '/home/proje/ros2_ws/install/serial_motor_demo/lib/pkgconfig/serial_motor_demo.pc'
[5.371s] Level 1:colcon.colcon_core.environment:checking '/home/proje/ros2_ws/install/serial_motor_demo/lib/python3.10/site-packages'
[5.371s] Level 1:colcon.colcon_core.shell:create_environment_hook('serial_motor_demo', 'pythonpath')
[5.372s] INFO:colcon.colcon_core.shell:Creating environment hook '/home/proje/ros2_ws/install/serial_motor_demo/share/serial_motor_demo/hook/pythonpath.ps1'
[5.374s] INFO:colcon.colcon_core.shell:Creating environment descriptor '/home/proje/ros2_ws/install/serial_motor_demo/share/serial_motor_demo/hook/pythonpath.dsv'
[5.376s] INFO:colcon.colcon_core.shell:Creating environment hook '/home/proje/ros2_ws/install/serial_motor_demo/share/serial_motor_demo/hook/pythonpath.sh'
[5.378s] Level 1:colcon.colcon_core.environment:checking '/home/proje/ros2_ws/install/serial_motor_demo/bin'
[5.379s] Level 1:colcon.colcon_core.environment:create_environment_scripts_only(serial_motor_demo)
[5.380s] INFO:colcon.colcon_core.shell:Creating package script '/home/proje/ros2_ws/install/serial_motor_demo/share/serial_motor_demo/package.ps1'
[5.385s] INFO:colcon.colcon_core.shell:Creating package descriptor '/home/proje/ros2_ws/install/serial_motor_demo/share/serial_motor_demo/package.dsv'
[5.387s] INFO:colcon.colcon_core.shell:Creating package script '/home/proje/ros2_ws/install/serial_motor_demo/share/serial_motor_demo/package.sh'
[5.390s] INFO:colcon.colcon_core.shell:Creating package script '/home/proje/ros2_ws/install/serial_motor_demo/share/serial_motor_demo/package.bash'
[5.393s] INFO:colcon.colcon_core.shell:Creating package script '/home/proje/ros2_ws/install/serial_motor_demo/share/serial_motor_demo/package.zsh'
[5.396s] Level 1:colcon.colcon_core.environment:create_file_with_runtime_dependencies(/home/proje/ros2_ws/install/serial_motor_demo/share/colcon-core/packages/serial_motor_demo)
[5.397s] DEBUG:colcon.colcon_parallel_executor.executor.parallel:closing loop
[5.398s] DEBUG:colcon.colcon_parallel_executor.executor.parallel:loop closed
[5.399s] DEBUG:colcon.colcon_parallel_executor.executor.parallel:run_until_complete finished with '0'
[5.399s] DEBUG:colcon.colcon_core.event_reactor:joining thread
[5.401s] DEBUG:colcon.colcon_core.event_reactor:joined thread
[5.402s] INFO:colcon.colcon_core.shell:Creating prefix script '/home/proje/ros2_ws/install/local_setup.ps1'
[5.405s] INFO:colcon.colcon_core.shell:Creating prefix util module '/home/proje/ros2_ws/install/_local_setup_util_ps1.py'
[5.411s] INFO:colcon.colcon_core.shell:Creating prefix chain script '/home/proje/ros2_ws/install/setup.ps1'
[5.416s] INFO:colcon.colcon_core.shell:Creating prefix script '/home/proje/ros2_ws/install/local_setup.sh'
[5.419s] INFO:colcon.colcon_core.shell:Creating prefix util module '/home/proje/ros2_ws/install/_local_setup_util_sh.py'
[5.422s] INFO:colcon.colcon_core.shell:Creating prefix chain script '/home/proje/ros2_ws/install/setup.sh'
[5.426s] INFO:colcon.colcon_core.shell:Creating prefix script '/home/proje/ros2_ws/install/local_setup.bash'
[5.428s] INFO:colcon.colcon_core.shell:Creating prefix chain script '/home/proje/ros2_ws/install/setup.bash'
[5.433s] INFO:colcon.colcon_core.shell:Creating prefix script '/home/proje/ros2_ws/install/local_setup.zsh'
[5.435s] INFO:colcon.colcon_core.shell:Creating prefix chain script '/home/proje/ros2_ws/install/setup.zsh'
