[3.494s] Invoking command in '/home/proje/ros2_ws/src/serial_motor_demo': PYTHONPATH=/home/proje/ros2_ws/build/serial_motor_demo/prefix_override:/usr/lib/python3/dist-packages/colcon_core/task/python/colcon_distutils_commands:/home/proje/ros2_ws/install/serial_motor_demo/lib/python3.10/site-packages:${PYTHONPATH} /usr/bin/python3 -W ignore:setup.py install is deprecated -W ignore:easy_install command is deprecated setup.py egg_info --egg-base ../../build/serial_motor_demo build --build-base /home/proje/ros2_ws/build/serial_motor_demo/build install --record /home/proje/ros2_ws/build/serial_motor_demo/install.log --single-version-externally-managed install_data
[4.542s] running egg_info
[4.544s] creating ../../build/serial_motor_demo/serial_motor_demo.egg-info
[4.545s] writing ../../build/serial_motor_demo/serial_motor_demo.egg-info/PKG-INFO
[4.546s] writing dependency_links to ../../build/serial_motor_demo/serial_motor_demo.egg-info/dependency_links.txt
[4.547s] writing entry points to ../../build/serial_motor_demo/serial_motor_demo.egg-info/entry_points.txt
[4.547s] writing requirements to ../../build/serial_motor_demo/serial_motor_demo.egg-info/requires.txt
[4.548s] writing top-level names to ../../build/serial_motor_demo/serial_motor_demo.egg-info/top_level.txt
[4.549s] writing manifest file '../../build/serial_motor_demo/serial_motor_demo.egg-info/SOURCES.txt'
[4.561s] reading manifest file '../../build/serial_motor_demo/serial_motor_demo.egg-info/SOURCES.txt'
[4.566s] writing manifest file '../../build/serial_motor_demo/serial_motor_demo.egg-info/SOURCES.txt'
[4.566s] running build
[4.567s] running build_py
[4.567s] creating /home/proje/ros2_ws/build/serial_motor_demo/build
[4.568s] creating /home/proje/ros2_ws/build/serial_motor_demo/build/lib
[4.568s] creating /home/proje/ros2_ws/build/serial_motor_demo/build/lib/serial_motor_demo
[4.569s] copying serial_motor_demo/__init__.py -> /home/proje/ros2_ws/build/serial_motor_demo/build/lib/serial_motor_demo
[4.569s] copying serial_motor_demo/teleop_wasd.py -> /home/proje/ros2_ws/build/serial_motor_demo/build/lib/serial_motor_demo
[4.570s] copying serial_motor_demo/driver_node.py -> /home/proje/ros2_ws/build/serial_motor_demo/build/lib/serial_motor_demo
[4.572s] copying serial_motor_demo/odom_node.py -> /home/proje/ros2_ws/build/serial_motor_demo/build/lib/serial_motor_demo
[4.573s] copying serial_motor_demo/laser_sync.py -> /home/proje/ros2_ws/build/serial_motor_demo/build/lib/serial_motor_demo
[4.575s] running install
[4.577s] running install_lib
[4.580s] creating /home/proje/ros2_ws/install/serial_motor_demo/lib/python3.10/site-packages/serial_motor_demo
[4.581s] copying /home/proje/ros2_ws/build/serial_motor_demo/build/lib/serial_motor_demo/__init__.py -> /home/proje/ros2_ws/install/serial_motor_demo/lib/python3.10/site-packages/serial_motor_demo
[4.583s] copying /home/proje/ros2_ws/build/serial_motor_demo/build/lib/serial_motor_demo/teleop_wasd.py -> /home/proje/ros2_ws/install/serial_motor_demo/lib/python3.10/site-packages/serial_motor_demo
[4.583s] copying /home/proje/ros2_ws/build/serial_motor_demo/build/lib/serial_motor_demo/driver_node.py -> /home/proje/ros2_ws/install/serial_motor_demo/lib/python3.10/site-packages/serial_motor_demo
[4.584s] copying /home/proje/ros2_ws/build/serial_motor_demo/build/lib/serial_motor_demo/odom_node.py -> /home/proje/ros2_ws/install/serial_motor_demo/lib/python3.10/site-packages/serial_motor_demo
[4.584s] copying /home/proje/ros2_ws/build/serial_motor_demo/build/lib/serial_motor_demo/laser_sync.py -> /home/proje/ros2_ws/install/serial_motor_demo/lib/python3.10/site-packages/serial_motor_demo
[4.587s] byte-compiling /home/proje/ros2_ws/install/serial_motor_demo/lib/python3.10/site-packages/serial_motor_demo/__init__.py to __init__.cpython-310.pyc
[4.589s] byte-compiling /home/proje/ros2_ws/install/serial_motor_demo/lib/python3.10/site-packages/serial_motor_demo/teleop_wasd.py to teleop_wasd.cpython-310.pyc
[4.592s] byte-compiling /home/proje/ros2_ws/install/serial_motor_demo/lib/python3.10/site-packages/serial_motor_demo/driver_node.py to driver_node.cpython-310.pyc
[4.595s] byte-compiling /home/proje/ros2_ws/install/serial_motor_demo/lib/python3.10/site-packages/serial_motor_demo/odom_node.py to odom_node.cpython-310.pyc
[4.603s] byte-compiling /home/proje/ros2_ws/install/serial_motor_demo/lib/python3.10/site-packages/serial_motor_demo/laser_sync.py to laser_sync.cpython-310.pyc
[4.603s] running install_data
[4.604s] creating /home/proje/ros2_ws/install/serial_motor_demo/share/ament_index
[4.604s] creating /home/proje/ros2_ws/install/serial_motor_demo/share/ament_index/resource_index
[4.605s] creating /home/proje/ros2_ws/install/serial_motor_demo/share/ament_index/resource_index/packages
[4.605s] copying resource/serial_motor_demo -> /home/proje/ros2_ws/install/serial_motor_demo/share/ament_index/resource_index/packages
[4.606s] copying package.xml -> /home/proje/ros2_ws/install/serial_motor_demo/share/serial_motor_demo
[4.606s] creating /home/proje/ros2_ws/install/serial_motor_demo/share/serial_motor_demo/launch
[4.607s] copying launch/robot_slam_launch.py -> /home/proje/ros2_ws/install/serial_motor_demo/share/serial_motor_demo/launch
[4.607s] creating /home/proje/ros2_ws/install/serial_motor_demo/share/serial_motor_demo/config
[4.608s] copying config/mapper_params_online_async.yaml -> /home/proje/ros2_ws/install/serial_motor_demo/share/serial_motor_demo/config
[4.609s] copying config/mapper_lidar_only.yaml -> /home/proje/ros2_ws/install/serial_motor_demo/share/serial_motor_demo/config
[4.610s] running install_egg_info
[4.617s] Copying ../../build/serial_motor_demo/serial_motor_demo.egg-info to /home/proje/ros2_ws/install/serial_motor_demo/lib/python3.10/site-packages/serial_motor_demo-0.0.0-py3.10.egg-info
[4.624s] running install_scripts
[4.706s] Installing driver_node script to /home/proje/ros2_ws/install/serial_motor_demo/lib/serial_motor_demo
[4.707s] Installing laser_sync script to /home/proje/ros2_ws/install/serial_motor_demo/lib/serial_motor_demo
[4.708s] Installing odom_node script to /home/proje/ros2_ws/install/serial_motor_demo/lib/serial_motor_demo
[4.708s] Installing teleop_wasd script to /home/proje/ros2_ws/install/serial_motor_demo/lib/serial_motor_demo
[4.710s] writing list of installed files to '/home/proje/ros2_ws/build/serial_motor_demo/install.log'
[4.835s] Invoked command in '/home/proje/ros2_ws/src/serial_motor_demo' returned '0': PYTHONPATH=/home/proje/ros2_ws/build/serial_motor_demo/prefix_override:/usr/lib/python3/dist-packages/colcon_core/task/python/colcon_distutils_commands:/home/proje/ros2_ws/install/serial_motor_demo/lib/python3.10/site-packages:${PYTHONPATH} /usr/bin/python3 -W ignore:setup.py install is deprecated -W ignore:easy_install command is deprecated setup.py egg_info --egg-base ../../build/serial_motor_demo build --build-base /home/proje/ros2_ws/build/serial_motor_demo/build install --record /home/proje/ros2_ws/build/serial_motor_demo/install.log --single-version-externally-managed install_data
